p/124.jpg 1 0 0 249 166
p/122.jpg 1 0 0 243 162
p/123.jpg 1 0 0 261 174
p/120.jpg 1 0 0 218 146
p/121.jpg 1 0 0 229 152
p/118.jpg 1 0 0 220 147
p/119.jpg 1 0 0 224 149
p/116.jpg 1 0 0 224 149
p/117.jpg 1 0 0 213 142
p/115.jpg 1 0 0 231 154
p/114.jpg 1 0 0 224 149
p/113.jpg 1 0 0 253 169
p/110.jpg 1 0 0 270 180
p/111.jpg 1 0 0 276 184
p/109.jpg 1 0 0 264 176
p/108.jpg 1 0 0 268 179
p/106.jpg 1 0 0 258 172
p/104.jpg 1 0 0 230 153
p/102.jpg 1 0 0 258 172
p/100.jpg 1 0 0 259 173
p/101.jpg 1 0 0 246 164
p/99.jpg 1 0 0 261 174
p/98.jpg 1 0 0 230 153
p/95.jpg 1 0 0 241 160
p/93.jpg 1 0 0 269 179
p/92.jpg 1 0 0 272 181
p/91.jpg 1 0 0 248 165
p/90.jpg 1 0 0 254 169
p/81.jpg 1 0 0 262 175
p/82.jpg 1 0 0 267 178
p/80.jpg 1 0 0 234 156
p/77.jpg 1 0 0 248 166
p/78.jpg 1 0 0 278 185
p/76.jpg 1 0 0 249 166
p/74.jpg 1 0 0 213 142
p/73.jpg 1 0 0 246 164
p/69.jpg 1 0 0 251 168
p/70.jpg 1 0 0 265 176
p/68.jpg 1 0 0 239 159
p/67.jpg 1 0 0 253 169
p/63.jpg 1 0 0 270 180
p/60.jpg 1 0 0 258 172
p/61.jpg 1 0 0 221 148
p/59.jpg 1 0 0 256 170
p/58.jpg 1 0 0 283 189
p/55.jpg 1 0 0 246 164
p/56.jpg 1 0 0 269 179
p/54.jpg 1 0 0 254 170
p/52.jpg 1 0 0 269 179
p/48.jpg 1 0 0 264 176
p/49.jpg 1 0 0 257 171
p/45.jpg 1 0 0 243 162
p/41.jpg 1 0 0 248 165
p/37.jpg 1 0 0 249 166
p/38.jpg 1 0 0 258 172
p/35.jpg 1 0 0 224 149
p/36.jpg 1 0 0 242 161
p/32.jpg 1 0 0 264 176
p/31.jpg 1 0 0 246 164
p/27.jpg 1 0 0 266 178
p/25.jpg 1 0 0 243 162
p/23.jpg 1 0 0 234 156
p/21.jpg 1 0 0 241 161
p/22.jpg 1 0 0 234 156
p/19.jpg 1 0 0 213 142
p/20.jpg 1 0 0 245 164
p/18.jpg 1 0 0 224 149
p/17.jpg 1 0 0 268 179
p/16.jpg 1 0 0 227 152
p/15.jpg 1 0 0 258 172
p/13.jpg 1 0 0 235 156
p/14.jpg 1 0 0 220 147
p/11.jpg 1 0 0 258 172
p/10.jpg 1 0 0 246 164
p/9.jpg 1 0 0 254 169
p/4.jpg 1 0 0 252 168
p/2.jpg 1 0 0 239 159
p/1511343190402.jpg 1 0 0 406 271
p/1511343186649.jpg 1 0 0 373 249
p/1511343183217.jpg 1 0 0 373 249
p/1511343179504.jpg 1 0 0 384 256
p/crop_116_0.jpg 1 0 0 66 44
p/tags_rema_-_Copy_-_Copy.jpg 1 0 0 296 197
p/tags_rema_-_Copy_-_Copy_-_Copy.jpg 1 0 0 296 197
p/tags_rema_-_Copy_-_Copy_-_Copy_-_Copy.jpg 1 0 0 296 197
p/tags_rema_-_Copy_-_Copy_-_Copy_-_Copy_-_Copy.jpg 1 0 0 296 197
p/tag1_rema.jpg 1 0 0 258 172
p/IMG_20171107_185006.jpg 1 0 0 2664 1776
p/Google_000.jpg 1 0 0 1197 798