p/more__48_.jpg 1 0 0 390 292
p/more__47_.jpg 1 0 0 390 292
p/more__46_.jpg 1 0 0 390 292
p/more__45_.jpg 1 0 0 390 292
p/more__43_.jpg 1 0 0 436 327
p/more__42_.jpg 1 0 0 436 327
p/more__41_.jpg 1 0 0 436 327
p/more__40_.jpg 1 0 0 436 327
p/more__39_.jpg 1 0 0 495 371
p/more__38_.jpg 1 0 0 495 371
p/more__37_.jpg 1 0 0 495 371
p/more__36_.jpg 1 0 0 495 371
p/more__34_.jpg 1 0 0 378 283
p/more__33_.jpg 1 0 0 378 283
p/more__32_.jpg 1 0 0 378 283
p/more__31_.jpg 1 0 0 423 317
p/more__29_.jpg 1 0 0 524 393
p/more__30_.jpg 1 0 0 534 400
p/more__28_.jpg 1 0 0 487 365
p/more__27_.jpg 1 0 0 487 365
p/more__26_.jpg 1 0 0 487 365
p/more__20_.jpg 1 0 0 303 227
p/more__2_.jpg 1 0 0 485 363
p/more__19_.jpg 1 0 0 369 276
p/more__18_.jpg 1 0 0 278 208
p/more__17_.jpg 1 0 0 278 208
p/more__16_.jpg 1 0 0 320 240
p/more__15_.jpg 1 0 0 349 261
p/more__14_.jpg 1 0 0 404 303
p/more__13_.jpg 1 0 0 585 438
p/more__12_.jpg 1 0 0 585 438
p/more__11_.jpg 1 0 0 585 438
p/more__10_.jpg 1 0 0 585 438
p/more__1_.jpg 1 0 0 585 438
p/IMG_20171127_182842_-_Copy_-_Copy_-_Copy.jpg 1 0 0 450 337
p/IMG_20171127_182842_-_Copy_-_Copy_-_Copy_-_Copy.jpg 1 0 0 450 337
p/IMG_20171127_182842_-_Copy.jpg 1 0 0 444 333
p/IMG_20171127_182842_-_Copy_-_Copy.jpg 1 0 0 444 333
p/IMG_20171127_182830.jpg 1 0 0 498 373
p/IMG_20171127_182830_-_Copy.jpg 1 0 0 498 373
p/IMG_20171127_182830_-_Copy_-_Copy.jpg 1 0 0 498 373
p/IMG_20171127_182830_-_Copy_-_Copy_-_Copy.jpg 1 0 0 498 373
p/IMG_20171127_182830_-_Copy_-_Copy_-_Copy_-_Copy.jpg 1 0 0 506 379
p/IMG_20171127_182827_-_Copy.jpg 1 0 0 429 321
p/IMG_20171127_182827_-_Copy__3_.jpg 1 0 0 429 321
p/IMG_20171127_182827_-_Copy__2_.jpg 1 0 0 429 321
p/IMG_20171127_182827_-_Copy_-_Copy.jpg 1 0 0 429 321
p/IMG_20171127_182827_-_Copy_-_Copy_-_Copy.jpg 1 0 0 479 359
p/IMG_20171127_182827_-_Copy_-_Copy_-_Copy_-_Copy.jpg 1 0 0 524 393
p/IMG_20171127_182814_-_Copy.jpg 1 0 0 511 383
p/IMG_20171127_182814_-_Copy_-_Copy.jpg 1 0 0 497 372
p/IMG_20171127_182814_-_Copy_-_Copy_-_Copy.jpg 1 0 0 497 372
p/IMG_20171127_182814_-_Copy_-_Copy_-_Copy_-_Copy.jpg 1 0 0 497 372
p/IMG_20171127_182615_-_Copy_-_Copy_-_Copy_-_Copy.jpg 1 0 0 389 291
p/IMG_20171127_182609_-_Copy.jpg 1 0 0 313 234
p/IMG_20171127_182609_-_Copy_-_Copy.jpg 1 0 0 313 234
p/IMG_20171127_182609_-_Copy_-_Copy_-_Copy.jpg 1 0 0 313 234
p/IMG_20171127_182609_-_Copy_-_Copy_-_Copy_-_Copy.jpg 1 0 0 313 234
p/IMG_20171127_182602_-_Copy.jpg 1 0 0 518 388
p/IMG_20171127_182602_-_Copy_-_Copy.jpg 1 0 0 518 388
p/IMG_20171127_182602_-_Copy_-_Copy_-_Copy.jpg 1 0 0 518 388
p/IMG_20171127_182602_-_Copy_-_Copy_-_Copy_-_Copy.jpg 1 0 0 518 388
p/IMG_20171127_182559_-_Copy_-_Copy.jpg 1 0 0 554 415
p/IMG_20171127_182559_-_Copy_-_Copy_-_Copy.jpg 1 0 0 554 415
p/IMG_20171127_182559.jpg 1 0 0 554 415
p/IMG_20171127_182559_-_Copy.jpg 1 0 0 554 415
p/IMG_20171127_182556.jpg 1 0 0 554 415
p/IMG_20171127_182556_-_Copy.jpg 1 0 0 554 415
p/IMG_20171127_182556_-_Copy_-_Copy.jpg 1 0 0 554 415
p/IMG_20171127_182556_-_Copy_-_Copy_-_Copy_-_Copy.jpg 1 0 0 554 415