p/1511343190402.jpg 1 0 0 406 271
p/1511343186649.jpg 1 0 0 373 249
p/1511343183217.jpg 1 0 0 373 249
p/1511343179504.jpg 1 0 0 384 256
p/1511343167741.jpg 1 0 0 604 403
p/1511343161928.jpg 1 0 0 587 392
p/1511343158284.jpg 1 0 0 576 384
p/1511343154098.jpg 1 0 0 609 406
p/1511343151426.jpg 1 0 0 615 410
p/1511343146935.jpg 1 0 0 478 318
p/1511343143235.jpg 1 0 0 461 307
p/1511343139303.jpg 1 0 0 461 307
p/1511343135375.jpg 1 0 0 483 322
p/1511343131656.jpg 1 0 0 461 307
p/1511343128081.jpg 1 0 0 467 311
p/1511343121299.jpg 1 0 0 543 362
p/1511343115601.jpg 1 0 0 532 355
p/1511343111694.jpg 1 0 0 532 355
p/1511343102203.jpg 1 0 0 373 249
p/1511343098368.jpg 1 0 0 379 252
p/1511343092521.jpg 1 0 0 379 252
p/1511343088773.jpg 1 0 0 368 245
p/1511343084213.jpg 1 0 0 390 260
p/1511343079569.jpg 1 0 0 401 267
p/1511343073690.jpg 1 0 0 357 238
p/1511343063520.jpg 1 0 0 428 285
p/1511343058996.jpg 1 0 0 423 282
p/1511343054068.jpg 1 0 0 423 282
p/1511343048429.jpg 1 0 0 401 267
p/1511343032681.jpg 1 0 0 406 271