p/1511343190402.jpg 1 0 0 406 271
p/1511343186649.jpg 1 0 0 373 249
p/1511343183217.jpg 1 0 0 373 249
p/1511343179504.jpg 1 0 0 384 256
p/1511343167741.jpg 1 0 0 604 403
p/1511343161928.jpg 1 0 0 587 392
p/1511343158284.jpg 1 0 0 576 384
p/1511343154098.jpg 1 0 0 609 406
p/1511343151426.jpg 1 0 0 615 410
p/1511343146935.jpg 1 0 0 478 318
p/1511343143235.jpg 1 0 0 461 307
p/1511343139303.jpg 1 0 0 461 307
p/1511343135375.jpg 1 0 0 483 322
p/1511343131656.jpg 1 0 0 461 307
p/1511343128081.jpg 1 0 0 467 311
p/1511343121299.jpg 1 0 0 543 362
p/1511343115601.jpg 1 0 0 532 355
p/1511343111694.jpg 1 0 0 532 355
p/1511343102203.jpg 1 0 0 373 249
p/1511343098368.jpg 1 0 0 379 252
p/1511343092521.jpg 1 0 0 379 252
p/1511343088773.jpg 1 0 0 368 245
p/1511343084213.jpg 1 0 0 390 260
p/1511343079569.jpg 1 0 0 401 267
p/1511343073690.jpg 1 0 0 357 238
p/1511343063520.jpg 1 0 0 428 285
p/1511343058996.jpg 1 0 0 423 282
p/1511343054068.jpg 1 0 0 423 282
p/1511343048429.jpg 1 0 0 401 267
p/1511343032681.jpg 1 0 0 406 271
p/crop_105_0.jpg 1 0 0 208 139
p/crop_106_0.jpg 1 0 0 210 140
p/crop_112_0.jpg 1 0 0 51 34
p/crop_130_0.jpg 1 0 0 232 155
p/crop_131_0.jpg 1 0 0 98 65
p/crop_134_0.jpg 1 0 0 88 59
p/crop_137_0.jpg 1 0 0 60 40
p/crop_139_0.jpg 1 0 0 156 104
p/crop_140_0.jpg 1 0 0 156 104
p/crop_115_0.jpg 1 0 0 110 73
p/crop_119_0.jpg 1 0 0 40 27
p/crop_120_0.jpg 1 0 0 51 34
p/crop_121_0.jpg 1 0 0 123 82
p/crop_122_0.jpg 1 0 0 70 47
p/crop_123_0.jpg 1 0 0 216 144
p/crop_81_0.jpg 1 0 0 88 59
p/crop_83_0.jpg 1 0 0 76 51
p/crop_86_0.jpg 1 0 0 92 61
p/crop_95_0.jpg 1 0 0 76 51
p/crop_98_0.jpg 1 0 0 174 116
p/crop_116_0.jpg 1 0 0 66 44
p/crop_35_0.jpg 1 0 0 177 118
p/crop_43_0.jpg 1 0 0 222 148
p/crop_44_0.jpg 1 0 0 197 131
p/crop_50_0.jpg 1 0 0 225 150
p/crop_16_0.jpg 1 0 0 292 195
p/crop_19_0.jpg 1 0 0 75 50
p/crop_22_0.jpg 1 0 0 228 152
p/crop_28_0.jpg 1 0 0 79 53
p/crop_34_0.jpg 1 0 0 520 347
p/crop_12_0.jpg 1 0 0 240 160
p/crop_13_0.jpg 1 0 0 87 58
p/tags_rema_-_Copy_-_Copy.jpg 1 0 0 296 197
p/tags_rema_-_Copy_-_Copy_-_Copy.jpg 1 0 0 296 197
p/tags_rema_-_Copy_-_Copy_-_Copy_-_Copy.jpg 1 0 0 296 197
p/tags_rema_-_Copy_-_Copy_-_Copy_-_Copy_-_Copy.jpg 1 0 0 296 197
p/tag1_rema.jpg 1 0 0 258 172
p/IMG_20171107_185006.jpg 1 0 0 2664 1776
p/IMG_20170904_172625_-_Copy.jpg 1 0 0 466 311
p/IMG_20170904_172625_-_Copy_-_Copy.jpg 1 0 0 466 311
p/IMG_20170904_172625_-_Copy_-_Copy_-_Copy.jpg 1 0 0 390 260
p/IMG_20170904_172625_-_Copy_-_Copy_-_Copy_-_Copy.jpg 1 0 0 390 260
p/IMG_20170904_172625_-_Copy_-_Copy_-_Copy_-_Copy_-_Copy.jpg 1 0 0 390 260
p/IMG_20170904_172135.jpg 1 0 0 294 196
p/IMG_20170904_172135_-_Copy_-_Copy.jpg 1 0 0 294 196
p/IMG_20170904_172135_-_Copy_-_Copy_-_Copy.jpg 1 0 0 352 235
p/IMG_20170904_172135_-_Copy_-_Copy_-_Copy_-_Copy.jpg 1 0 0 352 235
p/IMG_20170904_172135_-_Copy_-_Copy_-_Copy_-_Copy_-_Copy.jpg 1 0 0 352 235
p/Google_093.jpg 1 0 0 196 131
p/Google_008.jpg 1 0 0 339 226
p/Google_000.jpg 1 0 0 1197 798
p/Bing_091.jpg 1 0 0 390 260
p/Bing_073.jpg 1 0 0 306 204
p/Bing_048.jpg 1 0 0 387 258
p/Bing_064.jpg 1 0 0 1023 682
p/Bing_027.jpg 1 0 0 249 166
p/Bing_023.jpg 1 0 0 255 170
p/Bing_018.jpg 1 0 0 356 237
p/Bing_017.jpg 1 0 0 399 266
p/462750806_-_Copy.jpg 1 0 0 378 252
p/462750806_-_Copy_-_Copy.jpg 1 0 0 378 252
p/462750806_-_Copy_-_Copy_-_Copy.jpg 1 0 0 378 252
p/462750806_-_Copy_-_Copy_-_Copy_-_Copy.jpg 1 0 0 378 252
p/462750806_-_Copy_-_Copy_-_Copy_-_Copy_-_Copy.jpg 1 0 0 378 252
p/Bing_078.jpg 1 0 0 450 300
p/Google_006.jpg 1 0 0 218 145