p/228.jpg 1 0 0 219 164
p/227.jpg 1 0 0 217 162
p/178.jpg 1 0 0 235 176
p/263.jpg 1 0 0 195 146
p/263_-_Copy.jpg 1 0 0 195 146
p/66.jpg 1 0 0 300 225
p/56.jpg 1 0 0 245 183
p/98.jpg 1 0 0 250 187
p/99.jpg 1 0 0 234 175
p/83.jpg 1 0 0 243 182
p/81.jpg 1 0 0 283 212
p/79.jpg 1 0 0 265 198
p/78.jpg 1 0 0 287 215
p/50.jpg 1 0 0 285 213
p/51.jpg 1 0 0 255 191
p/44.jpg 1 0 0 270 202
p/47.jpg 1 0 0 294 220
p/48.jpg 1 0 0 284 213
p/49.jpg 1 0 0 348 261
p/41.jpg 1 0 0 249 186
p/3.jpg 1 0 0 284 213
p/282.jpg 1 0 0 218 163
p/281.jpg 1 0 0 232 174
p/279.jpg 1 0 0 240 180
p/278.jpg 1 0 0 238 178
p/277.jpg 1 0 0 226 169
p/276.jpg 1 0 0 236 177
p/261.jpg 1 0 0 179 134
p/260.jpg 1 0 0 183 137
p/26.jpg 1 0 0 265 198
p/259.jpg 1 0 0 179 134
p/258.jpg 1 0 0 177 132
p/257.jpg 1 0 0 180 135
p/262.jpg 1 0 0 212 159
p/250.jpg 1 0 0 192 144
p/25.jpg 1 0 0 291 218
p/249.jpg 1 0 0 184 138
p/248.jpg 1 0 0 197 147
p/241.jpg 1 0 0 215 161
p/240.jpg 1 0 0 191 143
p/24.jpg 1 0 0 296 222
p/239.jpg 1 0 0 186 139
p/235.jpg 1 0 0 275 206
p/234.jpg 1 0 0 240 180
p/233.jpg 1 0 0 247 185
p/232.jpg 1 0 0 243 182
p/231.jpg 1 0 0 230 172
p/230.jpg 1 0 0 228 171
p/23.jpg 1 0 0 273 204
p/220.jpg 1 0 0 213 159
p/22.jpg 1 0 0 272 204
p/219.jpg 1 0 0 240 180
p/218.jpg 1 0 0 236 177
p/217.jpg 1 0 0 218 163
p/216.jpg 1 0 0 226 169
p/215.jpg 1 0 0 227 170
p/214.jpg 1 0 0 212 159
p/213.jpg 1 0 0 224 168
p/21.jpg 1 0 0 260 195
p/209.jpg 1 0 0 209 156
p/208.jpg 1 0 0 238 178
p/207.jpg 1 0 0 222 166
p/206.jpg 1 0 0 213 159
p/204.jpg 1 0 0 222 166
p/202.jpg 1 0 0 265 198
p/20.jpg 1 0 0 265 198
p/194.jpg 1 0 0 262 196
p/193.jpg 1 0 0 266 199
p/192.jpg 1 0 0 272 204
p/191.jpg 1 0 0 270 202
p/190.jpg 1 0 0 247 185
p/189.jpg 1 0 0 255 191
p/188.jpg 1 0 0 266 199
p/187.jpg 1 0 0 235 176
p/186.jpg 1 0 0 253 189
p/185.jpg 1 0 0 240 180
p/184.jpg 1 0 0 228 171
p/183.jpg 1 0 0 232 174
p/182.jpg 1 0 0 240 180
p/181.jpg 1 0 0 254 190
p/179.jpg 1 0 0 218 163
p/180.jpg 1 0 0 268 201
p/158.jpg 1 0 0 254 190
p/151.jpg 1 0 0 277 207
p/150.jpg 1 0 0 294 220
p/149.jpg 1 0 0 262 196
p/145.jpg 1 0 0 264 198
p/142.jpg 1 0 0 295 221
p/140.jpg 1 0 0 263 197
p/138.jpg 1 0 0 247 185
p/137.jpg 1 0 0 226 169
p/136.jpg 1 0 0 247 185
p/130.jpg 1 0 0 229 171
p/123.jpg 1 0 0 282 211
p/121.jpg 1 0 0 277 207
p/119.jpg 1 0 0 282 211
p/118.jpg 1 0 0 294 220
p/108.jpg 1 0 0 289 216
p/107.jpg 1 0 0 255 191
p/106.jpg 1 0 0 273 204
p/105.jpg 1 0 0 256 192
p/104.jpg 1 0 0 246 184
p/103.jpg 1 0 0 265 198
p/101.jpg 1 0 0 236 177
p/100.jpg 1 0 0 280 210
p/274.jpg 1 0 0 261 174
p/271.jpg 1 0 0 224 149
p/273.jpg 1 0 0 226 150
p/269.jpg 1 0 0 247 164
p/267.jpg 1 0 0 209 139
p/268.jpg 1 0 0 208 139
p/266.jpg 1 0 0 215 143
p/256.jpg 1 0 0 230 153
p/254.jpg 1 0 0 227 152
p/255.jpg 1 0 0 218 145
p/253.jpg 1 0 0 229 152
p/251.jpg 1 0 0 179 119
p/252.jpg 1 0 0 172 114
p/247.jpg 1 0 0 219 146
p/245.jpg 1 0 0 197 131
p/246.jpg 1 0 0 194 129
p/244.jpg 1 0 0 195 130
p/242.jpg 1 0 0 207 138
p/243.jpg 1 0 0 200 133
p/229.jpg 1 0 0 251 167
p/226.jpg 1 0 0 239 159
p/225.jpg 1 0 0 242 161
p/223.jpg 1 0 0 225 150
p/211.jpg 1 0 0 233 155
p/205.jpg 1 0 0 242 161
p/201.jpg 1 0 0 283 189
p/198.jpg 1 0 0 265 176
p/200.jpg 1 0 0 283 189
p/197.jpg 1 0 0 250 166
p/196.jpg 1 0 0 259 173
p/195.jpg 1 0 0 218 146
p/177.jpg 1 0 0 299 199
p/175.jpg 1 0 0 266 177
p/176.jpg 1 0 0 257 171
p/174.jpg 1 0 0 261 174
p/172.jpg 1 0 0 264 176
p/173.jpg 1 0 0 280 187
p/170.jpg 1 0 0 299 199
p/171.jpg 1 0 0 270 180
p/169.jpg 1 0 0 251 167
p/167.jpg 1 0 0 274 183
p/168.jpg 1 0 0 266 178
p/166.jpg 1 0 0 259 172
p/164.jpg 1 0 0 273 182
p/165.jpg 1 0 0 290 193
p/163.jpg 1 0 0 281 187
p/162.jpg 1 0 0 272 181
p/161.jpg 1 0 0 268 179
p/159.jpg 1 0 0 214 143
p/160.jpg 1 0 0 250 166
p/156.jpg 1 0 0 279 186
p/157.jpg 1 0 0 262 175
p/154.jpg 1 0 0 271 181
p/155.jpg 1 0 0 253 169
p/152.jpg 1 0 0 274 183
p/153.jpg 1 0 0 234 156
p/148.jpg 1 0 0 283 189
p/147.jpg 1 0 0 295 197
p/146.jpg 1 0 0 291 194
p/143.jpg 1 0 0 284 189
p/133.jpg 1 0 0 264 176
p/134.jpg 1 0 0 272 181
p/131.jpg 1 0 0 258 172
p/132.jpg 1 0 0 269 180
p/129.jpg 1 0 0 250 166
p/127.jpg 1 0 0 284 189
p/128.jpg 1 0 0 234 156
p/126.jpg 1 0 0 230 153
p/124.jpg 1 0 0 230 153
p/125.jpg 1 0 0 255 170
p/117.jpg 1 0 0 284 189
p/115.jpg 1 0 0 250 166
p/116.jpg 1 0 0 323 215
p/113.jpg 1 0 0 272 181
p/114.jpg 1 0 0 303 202
p/112.jpg 1 0 0 287 191
p/111.jpg 1 0 0 293 195
p/97.jpg 1 0 0 289 193
p/95.jpg 1 0 0 274 183
p/96.jpg 1 0 0 295 196
p/93.jpg 1 0 0 260 174
p/94.jpg 1 0 0 301 201
p/92.jpg 1 0 0 278 185
p/89.jpg 1 0 0 240 160
p/90.jpg 1 0 0 240 160
p/87.jpg 1 0 0 243 162
p/88.jpg 1 0 0 250 166
p/85.jpg 1 0 0 282 188
p/84.jpg 1 0 0 292 195
p/77.jpg 1 0 0 373 249
p/75.jpg 1 0 0 320 213
p/73.jpg 1 0 0 304 203
p/74.jpg 1 0 0 277 184
p/71.jpg 1 0 0 266 177
p/72.jpg 1 0 0 305 203
p/70.jpg 1 0 0 320 213
p/68.jpg 1 0 0 296 197
p/69.jpg 1 0 0 294 196
p/67.jpg 1 0 0 268 178
p/65.jpg 1 0 0 362 241
p/63.jpg 1 0 0 341 227
p/62.jpg 1 0 0 371 248
p/60.jpg 1 0 0 312 208
p/61.jpg 1 0 0 365 243
p/59.jpg 1 0 0 339 226
p/57.jpg 1 0 0 258 172
p/58.jpg 1 0 0 270 180
p/54.jpg 1 0 0 302 201
p/55.jpg 1 0 0 316 210
p/53.jpg 1 0 0 283 189
p/52.jpg 1 0 0 247 164
p/45.jpg 1 0 0 343 228
p/46.jpg 1 0 0 343 228
p/43.jpg 1 0 0 335 223
p/42.jpg 1 0 0 322 214
p/38.jpg 1 0 0 300 200
p/39.jpg 1 0 0 311 207
p/36.jpg 1 0 0 257 171
p/37.jpg 1 0 0 358 239
p/35.jpg 1 0 0 313 209
p/32.jpg 1 0 0 338 225
p/31.jpg 1 0 0 246 164
p/29.jpg 1 0 0 287 191
p/19.jpg 1 0 0 316 210
p/18.jpg 1 0 0 329 219
p/17.jpg 1 0 0 266 177
p/16.jpg 1 0 0 297 198
p/15.jpg 1 0 0 331 220
p/14.jpg 1 0 0 299 200
p/13.jpg 1 0 0 269 179
p/12.jpg 1 0 0 270 180
p/11.jpg 1 0 0 298 198
p/10.jpg 1 0 0 287 191
p/9.jpg 1 0 0 284 190
p/8.jpg 1 0 0 271 180
p/7.jpg 1 0 0 305 203
p/6.jpg 1 0 0 282 188
p/5.jpg 1 0 0 255 170
p/4.jpg 1 0 0 283 188
p/2.jpg 1 0 0 303 202
p/1.jpg 1 0 0 207 138
p/crop_119_0.jpg 1 0 0 40 27