p/80_2.jpg 1 0 0 392 294
p/13_2.jpg 1 0 0 482 361
p/105_2.jpg 1 0 0 274 205
p/IMG_20171129_120259_18.jpg 1 0 0 321 240
p/IMG_20171129_120259_17.jpg 1 0 0 321 240
p/IMG_20171129_120259_1_26.jpg 1 0 0 321 240
p/IMG_20171129_120259_1_25.jpg 1 0 0 321 240
p/IMG_20171129_120259_1_24.jpg 1 0 0 321 240
p/IMG_20171129_120259_1_23.jpg 1 0 0 321 240
p/IMG_20171129_120259_1_22.jpg 1 0 0 321 240
p/IMG_20171129_120259_1_21.jpg 1 0 0 321 240
p/IMG_20171129_120259_1_20.jpg 1 0 0 321 240
p/IMG_20171129_120259_1_19.jpg 1 0 0 321 240
p/IMG_20171129_120259_1_18.jpg 1 0 0 321 240
p/IMG_20171129_120259_1_17.jpg 1 0 0 321 240
p/IMG_20171129_120259_1_16.jpg 1 0 0 321 240
p/IMG_20171129_120259_1_15.jpg 1 0 0 321 240
p/IMG_20171129_120259_1_14.jpg 1 0 0 321 240
p/IMG_20171129_120259_1_13.jpg 1 0 0 321 240
p/IMG_20171129_120259_1_12.jpg 1 0 0 321 240
p/IMG_20171129_120259_1_11.jpg 1 0 0 321 240
p/IMG_20171129_120242_3.jpg 1 0 0 450 337
p/IMG_20171129_120239_11.jpg 1 0 0 504 378
p/IMG_20171129_120239_10.jpg 1 0 0 504 378
p/IMG_20171129_120239_9.jpg 1 0 0 504 378
p/IMG_20171129_120239_8.jpg 1 0 0 504 378
p/IMG_20171129_120239_7.jpg 1 0 0 504 378
p/IMG_20171129_120239_6.jpg 1 0 0 504 378
p/IMG_20171129_120239_5.jpg 1 0 0 504 378
p/IMG_20171129_120239_4.jpg 1 0 0 504 378
p/IMG_20171129_120239_3.jpg 1 0 0 522 391
p/IMG_20171129_120239_2.jpg 1 0 0 522 391
p/IMG_20171129_120236_5.jpg 1 0 0 428 321
p/IMG_20171129_120236_4.jpg 1 0 0 459 344
p/IMG_20171129_120236_3.jpg 1 0 0 459 344
p/IMG_20171129_120236_2.jpg 1 0 0 459 344
p/IMG_20171129_120236__2__8.jpg 1 0 0 522 391
p/IMG_20171129_120236__2__7.jpg 1 0 0 522 391
p/IMG_20171129_120236__2__6.jpg 1 0 0 522 391
p/IMG_20171129_120236__2__5.jpg 1 0 0 522 391
p/IMG_20171129_120236__2__4.jpg 1 0 0 522 391
p/IMG_20171129_120236__2__3.jpg 1 0 0 522 391
p/IMG_20171129_120236__2__2.jpg 1 0 0 482 361
p/IMG_20171129_120236__2_.jpg 1 0 0 482 361
p/IMG_20171129_120233_8.jpg 1 0 0 482 361
p/IMG_20171129_120233_7.jpg 1 0 0 482 361
p/IMG_20171129_120233_6.jpg 1 0 0 482 361
p/IMG_20171129_120233_5.jpg 1 0 0 482 361
p/IMG_20171129_120233_4.jpg 1 0 0 482 361
p/IMG_20171129_120233_3.jpg 1 0 0 482 361
p/IMG_20171129_120233_2.jpg 1 0 0 482 361
p/IMG_20171129_120232_17.jpg 1 0 0 382 286
p/IMG_20171129_120232_16.jpg 1 0 0 382 286
p/IMG_20171129_120232_15.jpg 1 0 0 382 286
p/IMG_20171129_120232_14.jpg 1 0 0 420 315
p/IMG_20171129_120232_13.jpg 1 0 0 420 315
p/IMG_20171129_120232_12.jpg 1 0 0 468 351
p/IMG_20171129_120232_11.jpg 1 0 0 468 351
p/IMG_20171129_120232_10.jpg 1 0 0 468 351
p/IMG_20171129_120259_1_10.jpg 1 0 0 296 222
p/IMG_20171129_120259_1_9.jpg 1 0 0 296 222
p/IMG_20171129_120259_1_8.jpg 1 0 0 296 222
p/IMG_20171129_120259_1_7.jpg 1 0 0 296 222
p/IMG_20171129_120259_1_6.jpg 1 0 0 296 222
p/IMG_20171129_120259_1_5.jpg 1 0 0 296 222
p/IMG_20171129_120259_1_4.jpg 1 0 0 296 222
p/IMG_20171129_120259_1_3.jpg 1 0 0 296 222
p/IMG_20171129_120259_1_2.jpg 1 0 0 296 222
p/IMG_20171129_120259_16.jpg 1 0 0 334 250
p/IMG_20171129_120259_15.jpg 1 0 0 334 250
p/IMG_20171129_120259_14.jpg 1 0 0 334 250
p/IMG_20171129_120259_13.jpg 1 0 0 334 250
p/IMG_20171129_120259_12.jpg 1 0 0 334 250
p/IMG_20171129_120259_11.jpg 1 0 0 334 250
p/IMG_20171129_120259_10.jpg 1 0 0 334 250
p/IMG_20171129_120259_9.jpg 1 0 0 334 250
p/IMG_20171129_120259_8.jpg 1 0 0 334 250
p/IMG_20171129_120259_7.jpg 1 0 0 334 250
p/IMG_20171129_120259_6.jpg 1 0 0 334 250
p/IMG_20171129_120259_5.jpg 1 0 0 334 250
p/IMG_20171129_120259_4.jpg 1 0 0 334 250
p/IMG_20171129_120259_3.jpg 1 0 0 334 250
p/IMG_20171129_120259_2.jpg 1 0 0 334 250
p/IMG_20171129_120252_3.jpg 1 0 0 334 250
p/IMG_20171129_120252_2.jpg 1 0 0 334 250
p/IMG_20171129_120248_3.jpg 1 0 0 334 250
p/IMG_20171129_120248_2.jpg 1 0 0 334 250
p/IMG_20171129_120245_3.jpg 1 0 0 454 340
p/IMG_20171129_120245_2.jpg 1 0 0 454 340
p/IMG_20171129_120242_2.jpg 1 0 0 454 340
p/IMG_20171129_120232_9.jpg 1 0 0 388 291
p/IMG_20171129_120232_8.jpg 1 0 0 388 291
p/IMG_20171129_120232_7.jpg 1 0 0 376 282
p/IMG_20171129_120232_6.jpg 1 0 0 376 282
p/IMG_20171129_120232_5.jpg 1 0 0 376 282
p/IMG_20171129_120232_4.jpg 1 0 0 357 267
p/IMG_20171129_120232_3.jpg 1 0 0 357 267
p/IMG_20171129_120232_2.jpg 1 0 0 357 267
p/IMG_20171129_120218_2.jpg 1 0 0 653 489
p/IMG_20171129_120205_4.jpg 1 0 0 406 304
p/IMG_20171129_120205_3.jpg 1 0 0 406 304
p/IMG_20171129_120205_2.jpg 1 0 0 406 304
p/IMG_20171129_120222_3.jpg 1 0 0 540 405
p/IMG_20171129_120222_2.jpg 1 0 0 540 405
p/IMG_20171129_115149_6.jpg 1 0 0 406 304
p/IMG_20171129_115149_5.jpg 1 0 0 406 304
p/IMG_20171129_115149_4.jpg 1 0 0 406 304
p/IMG_20171129_115149_3.jpg 1 0 0 406 304
p/IMG_20171129_115149_2.jpg 1 0 0 406 304
p/IMG_20171129_115139_4.jpg 1 0 0 388 291
p/IMG_20171129_115139_3.jpg 1 0 0 388 291
p/IMG_20171129_115139_2.jpg 1 0 0 388 291
p/IMG_20171129_115124_10.jpg 1 0 0 412 309
p/IMG_20171129_115124_9.jpg 1 0 0 412 309
p/IMG_20171129_115124_8.jpg 1 0 0 412 309
p/IMG_20171129_115124_7.jpg 1 0 0 412 309
p/IMG_20171129_115124_6.jpg 1 0 0 382 286
p/IMG_20171129_115124_5.jpg 1 0 0 382 286
p/IMG_20171129_115124_4.jpg 1 0 0 434 325
p/IMG_20171129_115124_3.jpg 1 0 0 434 325
p/IMG_20171129_115124_2.jpg 1 0 0 434 325
p/IMG_20171129_115115_3.jpg 1 0 0 383 287
p/IMG_20171129_115115_2.jpg 1 0 0 383 287
p/109.jpg 1 0 0 252 168
p/108.jpg 1 0 0 248 165
p/107.jpg 1 0 0 229 153
p/106.jpg 1 0 0 216 144
p/105.jpg 1 0 0 420 280
p/104.jpg 1 0 0 350 233
p/103.jpg 1 0 0 342 228
p/102.jpg 1 0 0 248 165
p/101.jpg 1 0 0 255 170
p/100.jpg 1 0 0 288 192
p/99.jpg 1 0 0 250 167
p/97.jpg 1 0 0 283 189
p/95.jpg 1 0 0 290 193
p/88.jpg 1 0 0 428 285
p/86.jpg 1 0 0 462 308
p/85.jpg 1 0 0 502 335
p/80.jpg 1 0 0 715 477
p/79.jpg 1 0 0 360 240
p/78.jpg 1 0 0 429 286
p/77.jpg 1 0 0 424 282
p/75.jpg 1 0 0 561 375
p/74.jpg 1 0 0 543 362
p/73.jpg 1 0 0 531 354
p/72.jpg 1 0 0 494 329
p/70.jpg 1 0 0 490 327
p/69.jpg 1 0 0 560 374
p/68.jpg 1 0 0 501 334
p/67.jpg 1 0 0 416 277
p/65.jpg 1 0 0 467 311
p/64.jpg 1 0 0 513 342
p/59.jpg 1 0 0 446 297
p/58.jpg 1 0 0 406 270
p/57.jpg 1 0 0 398 265
p/56.jpg 1 0 0 388 259
p/55.jpg 1 0 0 433 288
p/54.jpg 1 0 0 371 247
p/53.jpg 1 0 0 335 223
p/52.jpg 1 0 0 375 250
p/47.jpg 1 0 0 408 272
p/46.jpg 1 0 0 395 264
p/45.jpg 1 0 0 375 250
p/44.jpg 1 0 0 349 232
p/43.jpg 1 0 0 356 237
p/38.jpg 1 0 0 457 304
p/29.jpg 1 0 0 476 318
p/28.jpg 1 0 0 428 285
p/27.jpg 1 0 0 418 278
p/26.jpg 1 0 0 277 184
p/23.jpg 1 0 0 311 207
p/20.jpg 1 0 0 248 165
p/18.jpg 1 0 0 229 152
p/17.jpg 1 0 0 251 167
p/14.jpg 1 0 0 234 156
p/13.jpg 1 0 0 668 446
p/12.jpg 1 0 0 430 286
p/10.jpg 1 0 0 395 263
p/9.jpg 1 0 0 370 247
p/8.jpg 1 0 0 388 259
p/7.jpg 1 0 0 428 285