p/1511343167741.jpg 1 0 0 604 403
p/1511343161928.jpg 1 0 0 587 392
p/1511343158284.jpg 1 0 0 576 384
p/1511343154098.jpg 1 0 0 609 406
p/1511343151426.jpg 1 0 0 615 410
p/1511343146935.jpg 1 0 0 478 318
p/1511343143235.jpg 1 0 0 461 307
p/1511343139303.jpg 1 0 0 461 307
p/1511343135375.jpg 1 0 0 483 322
p/1511343131656.jpg 1 0 0 461 307
p/1511343128081.jpg 1 0 0 467 311
p/1511343121299.jpg 1 0 0 543 362
p/1511343115601.jpg 1 0 0 532 355
p/1511343111694.jpg 1 0 0 532 355
p/IMG_20170904_172625_-_Copy.jpg 1 0 0 466 311
p/IMG_20170904_172625_-_Copy_-_Copy.jpg 1 0 0 466 311
p/IMG_20170904_172625_-_Copy_-_Copy_-_Copy.jpg 1 0 0 390 260
p/IMG_20170904_172625_-_Copy_-_Copy_-_Copy_-_Copy.jpg 1 0 0 390 260
p/IMG_20170904_172625_-_Copy_-_Copy_-_Copy_-_Copy_-_Copy.jpg 1 0 0 390 260
p/IMG_20170904_172135.jpg 1 0 0 294 196
p/IMG_20170904_172135_-_Copy_-_Copy.jpg 1 0 0 294 196
p/IMG_20170904_172135_-_Copy_-_Copy_-_Copy.jpg 1 0 0 352 235
p/IMG_20170904_172135_-_Copy_-_Copy_-_Copy_-_Copy.jpg 1 0 0 352 235
p/IMG_20170904_172135_-_Copy_-_Copy_-_Copy_-_Copy_-_Copy.jpg 1 0 0 352 235